Arguments: 
  /usr/local/bin/node /usr/local/Cellar/yarn/1.21.1/libexec/bin/yarn.js add --dev @babel/cli @babel/core @babel/preset-ennv @babel/preset-react @types/node @types/react react react-dom

PATH: 
  /usr/local/opt/llvm/bin:/Users/matsuoka/.cargo/bin:/Users/matsuoka/.pyenv/bin:/Users/matsuoka/.pyenv/plugins/pyenv-virtualenv/shims:/Users/matsuoka/.pyenv/shims:/usr/local/Cellar/vim/8.2.0/bin:/usr/local/bin:/usr/bin:/bin:/usr/sbin:/sbin:/Applications/VMware Fusion.app/Contents/Public:/Library/TeX/texbin:/usr/local/go/bin:/usr/local/share/dotnet:/opt/X11/bin:~/.dotnet/tools:/Library/Apple/usr/bin:/Library/Frameworks/Mono.framework/Versions/Current/Commands:/usr/local/bin:/usr/local/go/bin

Yarn version: 
  1.21.1

Node version: 
  12.14.0

Platform: 
  darwin x64

Trace: 
  Error: https://registry.yarnpkg.com/@babel%2fpreset-ennv: Not found
      at Request.params.callback [as _callback] (/usr/local/Cellar/yarn/1.21.1/libexec/lib/cli.js:66947:18)
      at Request.self.callback (/usr/local/Cellar/yarn/1.21.1/libexec/lib/cli.js:140665:22)
      at Request.emit (events.js:210:5)
      at Request.<anonymous> (/usr/local/Cellar/yarn/1.21.1/libexec/lib/cli.js:141637:10)
      at Request.emit (events.js:210:5)
      at IncomingMessage.<anonymous> (/usr/local/Cellar/yarn/1.21.1/libexec/lib/cli.js:141559:12)
      at Object.onceWrapper (events.js:299:28)
      at IncomingMessage.emit (events.js:215:7)
      at endReadableNT (_stream_readable.js:1184:12)
      at processTicksAndRejections (internal/process/task_queues.js:80:21)

npm manifest: 
  {
    "name": "chartjs",
    "main": "./lib/chartjs",
    "version": "0.0.0",
    "description": "Inkdrop Chart.js",
    "keywords": [
    ],
    "repository": "https://github.com/elpnt/inkdrop-chartjs",
    "license": "MIT",
    "engines": {
      "inkdrop": "^4.x"
    },
    "dependencies": {
    }
  }

yarn manifest: 
  No manifest

Lockfile: 
  No lockfile
